Using pre-set license
Built from '2020.2/staging' branch; Version is '2020.2.7f1 (c53830e277f1) revision 12924976'; Using compiler version '192528614'; Build Type 'Release'
OS: 'Windows 10 Home; OS build 19043.1081; Version 2009; 64bit' Language: 'ru' Physical Memory: 8076 MB
BatchMode: 1, IsHumanControllingUs: 0, StartBugReporterOnCrash: 0, Is64bit: 1, IsPro: 0

 COMMAND LINE ARGUMENTS:
D:\ProgramFiles\UnityEditor\2020.2.7f1\Editor\Unity.exe
-adb2
-batchMode
-noUpm
-name
AssetImportWorker0
-projectPath
D:/Programming/C_Sharp/LedMap
-logFile
Logs/AssetImportWorker0.log
-srvPort
57212
Successfully changed project path to: D:/Programming/C_Sharp/LedMap
D:/Programming/C_Sharp/LedMap
Using Asset Import Pipeline V2.
Refreshing native plugins compatible for Editor in 230.46 ms, found 1 plugins.
Preloading 0 native plugins for Editor in 0.00 ms.
Initialize engine version: 2020.2.7f1 (c53830e277f1)
[Subsystems] Discovering subsystems at path D:/ProgramFiles/UnityEditor/2020.2.7f1/Editor/Data/Resources/UnitySubsystems
[Subsystems] Discovering subsystems at path D:/Programming/C_Sharp/LedMap/Assets
GfxDevice: creating device client; threaded=0
Direct3D:
    Version:  Direct3D 11.0 [level 11.1]
    Renderer: NVIDIA GeForce GTX 1050 with Max-Q Design (ID=0x1c8d)
    Vendor:   
    VRAM:     4021 MB
    Driver:   27.21.14.6259
Initialize mono
Mono path[0] = 'D:/ProgramFiles/UnityEditor/2020.2.7f1/Editor/Data/Managed'
Mono path[1] = 'D:/ProgramFiles/UnityEditor/2020.2.7f1/Editor/Data/MonoBleedingEdge/lib/mono/unityjit'
Mono config path = 'D:/ProgramFiles/UnityEditor/2020.2.7f1/Editor/Data/MonoBleedingEdge/etc'
Using monoOptions --debugger-agent=transport=dt_socket,embedding=1,server=y,suspend=n,address=127.0.0.1:56136
Begin MonoManager ReloadAssembly
Registering precompiled unity dll's ...
Register platform support module: D:/ProgramFiles/UnityEditor/2020.2.7f1/Editor/Data/PlaybackEngines/WindowsStandaloneSupport/UnityEditor.WindowsStandalone.Extensions.dll
Registered in 0.003985 seconds.
Native extension for WindowsStandalone target not found
Refreshing native plugins compatible for Editor in 54.11 ms, found 1 plugins.
Preloading 0 native plugins for Editor in 0.00 ms.
Invoked RoslynAnalysisRunner static constructor.
RoslynAnalysisRunner will not be running.
RoslynAnalysisRunner has terminated.
Mono: successfully reloaded assembly
- Completed reload, in  4.030 seconds
Platform modules already initialized, skipping
Registering precompiled user dll's ...
Registered in 0.003885 seconds.
Begin MonoManager ReloadAssembly
Native extension for WindowsStandalone target not found
Refreshing native plugins compatible for Editor in 46.36 ms, found 1 plugins.
Preloading 0 native plugins for Editor in 0.00 ms.
Invoked RoslynAnalysisRunner static constructor.
RoslynAnalysisRunner will not be running.
RoslynAnalysisRunner has terminated.
Mono: successfully reloaded assembly
- Completed reload, in  1.215 seconds
Platform modules already initialized, skipping
========================================================================
Worker process is ready to serve import requests
Launched and connected shader compiler UnityShaderCompiler.exe after 0.08 seconds
Refreshing native plugins compatible for Editor in 0.53 ms, found 1 plugins.
Preloading 0 native plugins for Editor in 0.00 ms.
Unloading 2087 Unused Serialized files (Serialized files now loaded: 0)
System memory in use before: 94.2 MB.
System memory in use after: 94.2 MB.

Unloading 24 unused Assets to reduce memory usage. Loaded Objects now: 2530.
Total: 6.860800 ms (FindLiveObjects: 0.295700 ms CreateObjectMapping: 0.107800 ms MarkObjects: 5.852300 ms  DeleteObjects: 0.603200 ms)

========================================================================
Received Import Request.
  path: Assets/Plugins/UpdateSys
  artifactKey: Guid(b205b6eda5dadd149a6974db4802e602) Importer(815301076,1909f56bfc062723c751e8b465ee728b)
Start importing Assets/Plugins/UpdateSys using Guid(b205b6eda5dadd149a6974db4802e602) Importer(815301076,1909f56bfc062723c751e8b465ee728b)  -> (artifact id: '1e80a09ff78e7610a530e17a5a922fca') in 0.015567 seconds
  Import took 0.021335 seconds .

========================================================================
Received Import Request.
  Time since last request: 0.001101 seconds.
  path: Assets/Plugins/UniRx
  artifactKey: Guid(c7598da2fb1d12a4c9f531aa9488e552) Importer(815301076,1909f56bfc062723c751e8b465ee728b)
Start importing Assets/Plugins/UniRx using Guid(c7598da2fb1d12a4c9f531aa9488e552) Importer(815301076,1909f56bfc062723c751e8b465ee728b)  -> (artifact id: 'ee82ae039ea13756477239aa62fad5e9') in 0.013312 seconds
  Import took 0.018072 seconds .

========================================================================
Received Import Request.
  Time since last request: 6.461858 seconds.
  path: Assets/Plugins/UpdateSys/BlackFox.UpdateSystem.asmdef
  artifactKey: Guid(20039681d2c840f44b11f25896cd1b05) Importer(815301076,1909f56bfc062723c751e8b465ee728b)
Start importing Assets/Plugins/UpdateSys/BlackFox.UpdateSystem.asmdef using Guid(20039681d2c840f44b11f25896cd1b05) Importer(815301076,1909f56bfc062723c751e8b465ee728b)  -> (artifact id: 'e970ed97bc27ff0b23b137c0ec899718') in 0.075754 seconds
  Import took 0.080136 seconds .

========================================================================
Received Prepare
Registering precompiled user dll's ...
Registered in 0.001646 seconds.
Begin MonoManager ReloadAssembly
Native extension for WindowsStandalone target not found
Refreshing native plugins compatible for Editor in 0.53 ms, found 1 plugins.
Preloading 0 native plugins for Editor in 0.00 ms.
Invoked RoslynAnalysisRunner static constructor.
RoslynAnalysisRunner will not be running.
RoslynAnalysisRunner has terminated.
Mono: successfully reloaded assembly
- Completed reload, in  1.218 seconds
Platform modules already initialized, skipping
Switching build target platform(5) subTarget(0) extendedPlatform(0) -> platform(13) subTarget(537395200) extendedPlatform(0)
Refreshing native plugins compatible for Editor in 0.40 ms, found 1 plugins.
Preloading 0 native plugins for Editor in 0.00 ms.
Unloading 2061 Unused Serialized files (Serialized files now loaded: 0)
System memory in use before: 92.7 MB.
System memory in use after: 92.7 MB.

Unloading 22 unused Assets to reduce memory usage. Loaded Objects now: 2524.
Total: 2.912100 ms (FindLiveObjects: 0.275900 ms CreateObjectMapping: 0.099400 ms MarkObjects: 2.412600 ms  DeleteObjects: 0.122600 ms)

AssetImportParameters requested are different than current active one (requested -> active):
  custom:graphics/normal-map-encoding: 01000000000000000000000000000000 -> 02000000000000000000000000000000
========================================================================
Received Prepare
Registering precompiled user dll's ...
Registered in 0.002864 seconds.
Begin MonoManager ReloadAssembly
Native extension for WindowsStandalone target not found
Refreshing native plugins compatible for Editor in 0.40 ms, found 1 plugins.
Preloading 0 native plugins for Editor in 0.00 ms.
Invoked RoslynAnalysisRunner static constructor.
RoslynAnalysisRunner will not be running.
RoslynAnalysisRunner has terminated.
Mono: successfully reloaded assembly
- Completed reload, in  0.960 seconds
Platform modules already initialized, skipping
Switching build target platform(5) subTarget(0) extendedPlatform(0) -> platform(13) subTarget(537395200) extendedPlatform(0)
Refreshing native plugins compatible for Editor in 0.40 ms, found 1 plugins.
Preloading 0 native plugins for Editor in 0.00 ms.
Unloading 2061 Unused Serialized files (Serialized files now loaded: 0)
System memory in use before: 92.7 MB.
System memory in use after: 92.7 MB.

Unloading 12 unused Assets to reduce memory usage. Loaded Objects now: 2528.
Total: 2.498300 ms (FindLiveObjects: 0.246100 ms CreateObjectMapping: 0.078100 ms MarkObjects: 1.976300 ms  DeleteObjects: 0.194700 ms)

AssetImportParameters requested are different than current active one (requested -> active):
  custom:graphics/normal-map-encoding: 01000000000000000000000000000000 -> 02000000000000000000000000000000
========================================================================
Received Prepare
Registering precompiled user dll's ...
Registered in 0.044690 seconds.
Begin MonoManager ReloadAssembly
Native extension for WindowsStandalone target not found
Refreshing native plugins compatible for Editor in 0.58 ms, found 1 plugins.
Preloading 0 native plugins for Editor in 0.00 ms.
Invoked RoslynAnalysisRunner static constructor.
RoslynAnalysisRunner will not be running.
RoslynAnalysisRunner has terminated.
Mono: successfully reloaded assembly
- Completed reload, in  0.923 seconds
Platform modules already initialized, skipping
Switching build target platform(5) subTarget(0) extendedPlatform(0) -> platform(13) subTarget(537395200) extendedPlatform(0)
Refreshing native plugins compatible for Editor in 0.39 ms, found 1 plugins.
Preloading 0 native plugins for Editor in 0.00 ms.
Unloading 2061 Unused Serialized files (Serialized files now loaded: 0)
System memory in use before: 92.7 MB.
System memory in use after: 92.7 MB.

Unloading 12 unused Assets to reduce memory usage. Loaded Objects now: 2532.
Total: 2.333500 ms (FindLiveObjects: 0.207500 ms CreateObjectMapping: 0.083800 ms MarkObjects: 1.914600 ms  DeleteObjects: 0.126400 ms)

AssetImportParameters requested are different than current active one (requested -> active):
  custom:graphics/normal-map-encoding: 01000000000000000000000000000000 -> 02000000000000000000000000000000
========================================================================
Received Prepare
Registering precompiled user dll's ...
Registered in 0.001512 seconds.
Begin MonoManager ReloadAssembly
Native extension for WindowsStandalone target not found
Refreshing native plugins compatible for Editor in 0.49 ms, found 1 plugins.
Preloading 0 native plugins for Editor in 0.00 ms.
Invoked RoslynAnalysisRunner static constructor.
RoslynAnalysisRunner will not be running.
RoslynAnalysisRunner has terminated.
Mono: successfully reloaded assembly
- Completed reload, in  1.419 seconds
Platform modules already initialized, skipping
Switching build target platform(5) subTarget(0) extendedPlatform(0) -> platform(13) subTarget(537395200) extendedPlatform(0)
Refreshing native plugins compatible for Editor in 0.51 ms, found 1 plugins.
Preloading 0 native plugins for Editor in 0.00 ms.
Unloading 2061 Unused Serialized files (Serialized files now loaded: 0)
System memory in use before: 92.7 MB.
System memory in use after: 92.7 MB.

Unloading 12 unused Assets to reduce memory usage. Loaded Objects now: 2536.
Total: 2.902300 ms (FindLiveObjects: 0.457200 ms CreateObjectMapping: 0.177900 ms MarkObjects: 2.134000 ms  DeleteObjects: 0.122900 ms)

AssetImportParameters requested are different than current active one (requested -> active):
  custom:graphics/normal-map-encoding: 01000000000000000000000000000000 -> 02000000000000000000000000000000
AssetImportWorkerClient::OnTransportError - code=2 error=End of file
